2025-07-07 17:13:59.978 [main] INFO  generationz.zlog.ZLogApplication - Starting ZLogApplication using Java 17.0.14 with PID 57542 (/Users/skippy/Documents/GitHub/Generation-Z-Log/z-log-web/admin/z-log/target/classes started by skippy in /Users/skippy/Documents/GitHub/Generation-Z-Log/z-log-web/admin/z-log)
2025-07-07 17:13:59.979 [main] DEBUG generationz.zlog.ZLogApplication - Running with Spring Boot v3.5.3, Spring v6.2.8
2025-07-07 17:13:59.980 [main] INFO  generationz.zlog.ZLogApplication - No active profile set, falling back to 1 default profile: "default"
2025-07-07 17:14:00.459 [main] INFO  o.s.b.w.e.tomcat.TomcatWebServer - Tomcat initialized with port 8080 (http)
2025-07-07 17:14:00.464 [main] INFO  o.a.coyote.http11.Http11NioProtocol - Initializing ProtocolHandler ["http-nio-8080"]
2025-07-07 17:14:00.465 [main] INFO  o.a.catalina.core.StandardService - Starting service [Tomcat]
2025-07-07 17:14:00.465 [main] INFO  o.a.catalina.core.StandardEngine - Starting Servlet engine: [Apache Tomcat/10.1.42]
2025-07-07 17:14:00.486 [main] INFO  o.a.c.c.C.[Tomcat].[localhost].[/] - Initializing Spring embedded WebApplicationContext
2025-07-07 17:14:00.486 [main] INFO  o.s.b.w.s.c.ServletWebServerApplicationContext - Root WebApplicationContext: initialization completed in 488 ms
2025-07-07 17:14:00.795 [main] INFO  o.s.s.c.a.a.c.InitializeUserDetailsBeanManagerConfigurer$InitializeUserDetailsManagerConfigurer - Global AuthenticationManager configured with UserDetailsService bean with name inMemoryUserDetailsManager
2025-07-07 17:14:00.825 [main] INFO  o.s.v.b.OptionalValidatorFactoryBean - Failed to set up a Bean Validation provider: jakarta.validation.NoProviderFoundException: Unable to create a Configuration, because no Jakarta Bean Validation provider could be found. Add a provider like Hibernate Validator (RI) to your classpath.
2025-07-07 17:14:00.932 [main] INFO  o.a.coyote.http11.Http11NioProtocol - Starting ProtocolHandler ["http-nio-8080"]
2025-07-07 17:14:00.935 [main] INFO  o.s.b.w.e.tomcat.TomcatWebServer - Tomcat started on port 8080 (http) with context path '/'
2025-07-07 17:14:00.940 [main] INFO  generationz.zlog.ZLogApplication - Started ZLogApplication in 1.261 seconds (process running for 1.547)
2025-07-07 17:14:09.887 [SpringApplicationShutdownHook] INFO  o.s.b.w.e.tomcat.GracefulShutdown - Commencing graceful shutdown. Waiting for active requests to complete
2025-07-07 17:14:09.911 [tomcat-shutdown] INFO  o.s.b.w.e.tomcat.GracefulShutdown - Graceful shutdown complete
2025-07-07 17:14:32.218 [main] INFO  generationz.zlog.ZLogApplication - Starting ZLogApplication using Java 17.0.14 with PID 58011 (/Users/skippy/Documents/GitHub/Generation-Z-Log/z-log-web/admin/z-log/target/classes started by skippy in /Users/skippy/Documents/GitHub/Generation-Z-Log/z-log-web/admin/z-log)
2025-07-07 17:14:32.220 [main] DEBUG generationz.zlog.ZLogApplication - Running with Spring Boot v3.5.3, Spring v6.2.8
2025-07-07 17:14:32.220 [main] INFO  generationz.zlog.ZLogApplication - No active profile set, falling back to 1 default profile: "default"
2025-07-07 17:14:32.708 [main] INFO  o.s.b.w.e.tomcat.TomcatWebServer - Tomcat initialized with port 8080 (http)
2025-07-07 17:14:32.713 [main] INFO  o.a.coyote.http11.Http11NioProtocol - Initializing ProtocolHandler ["http-nio-8080"]
2025-07-07 17:14:32.714 [main] INFO  o.a.catalina.core.StandardService - Starting service [Tomcat]
2025-07-07 17:14:32.714 [main] INFO  o.a.catalina.core.StandardEngine - Starting Servlet engine: [Apache Tomcat/10.1.42]
2025-07-07 17:14:32.733 [main] INFO  o.a.c.c.C.[Tomcat].[localhost].[/] - Initializing Spring embedded WebApplicationContext
2025-07-07 17:14:32.733 [main] INFO  o.s.b.w.s.c.ServletWebServerApplicationContext - Root WebApplicationContext: initialization completed in 496 ms
2025-07-07 17:14:32.968 [main] INFO  o.s.s.c.a.a.c.InitializeUserDetailsBeanManagerConfigurer$InitializeUserDetailsManagerConfigurer - Global AuthenticationManager configured with UserDetailsService bean with name inMemoryUserDetailsManager
2025-07-07 17:14:32.999 [main] INFO  o.s.v.b.OptionalValidatorFactoryBean - Failed to set up a Bean Validation provider: jakarta.validation.NoProviderFoundException: Unable to create a Configuration, because no Jakarta Bean Validation provider could be found. Add a provider like Hibernate Validator (RI) to your classpath.
2025-07-07 17:14:33.102 [main] INFO  o.a.coyote.http11.Http11NioProtocol - Starting ProtocolHandler ["http-nio-8080"]
2025-07-07 17:14:33.110 [main] INFO  o.s.b.w.e.tomcat.TomcatWebServer - Tomcat started on port 8080 (http) with context path '/'
2025-07-07 17:14:33.115 [main] INFO  generationz.zlog.ZLogApplication - Started ZLogApplication in 1.116 seconds (process running for 1.346)
2025-07-07 17:14:47.710 [http-nio-8080-exec-1] INFO  o.a.c.c.C.[Tomcat].[localhost].[/] - Initializing Spring DispatcherServlet 'dispatcherServlet'
2025-07-07 17:14:47.712 [http-nio-8080-exec-1] INFO  o.s.web.servlet.DispatcherServlet - Initializing Servlet 'dispatcherServlet'
2025-07-07 17:14:47.716 [http-nio-8080-exec-1] INFO  o.s.web.servlet.DispatcherServlet - Completed initialization in 3 ms
2025-07-07 17:17:08.246 [SpringApplicationShutdownHook] INFO  o.s.b.w.e.tomcat.GracefulShutdown - Commencing graceful shutdown. Waiting for active requests to complete
2025-07-07 17:17:08.256 [tomcat-shutdown] INFO  o.s.b.w.e.tomcat.GracefulShutdown - Graceful shutdown complete
2025-07-07 17:17:55.316 [main] INFO  generationz.zlog.ZLogApplication - Starting ZLogApplication using Java 17.0.14 with PID 60902 (/Users/skippy/Documents/GitHub/Generation-Z-Log/z-log-web/admin/z-log/target/classes started by skippy in /Users/skippy/Documents/GitHub/Generation-Z-Log/z-log-web/admin/z-log)
2025-07-07 17:17:55.317 [main] DEBUG generationz.zlog.ZLogApplication - Running with Spring Boot v3.5.3, Spring v6.2.8
2025-07-07 17:17:55.317 [main] INFO  generationz.zlog.ZLogApplication - No active profile set, falling back to 1 default profile: "default"
2025-07-07 17:17:55.805 [main] INFO  o.s.b.w.e.tomcat.TomcatWebServer - Tomcat initialized with port 8080 (http)
2025-07-07 17:17:55.812 [main] INFO  o.a.coyote.http11.Http11NioProtocol - Initializing ProtocolHandler ["http-nio-8080"]
2025-07-07 17:17:55.812 [main] INFO  o.a.catalina.core.StandardService - Starting service [Tomcat]
2025-07-07 17:17:55.812 [main] INFO  o.a.catalina.core.StandardEngine - Starting Servlet engine: [Apache Tomcat/10.1.42]
2025-07-07 17:17:55.833 [main] INFO  o.a.c.c.C.[Tomcat].[localhost].[/] - Initializing Spring embedded WebApplicationContext
2025-07-07 17:17:55.834 [main] INFO  o.s.b.w.s.c.ServletWebServerApplicationContext - Root WebApplicationContext: initialization completed in 501 ms
2025-07-07 17:17:56.103 [main] INFO  o.s.s.c.a.a.c.InitializeUserDetailsBeanManagerConfigurer$InitializeUserDetailsManagerConfigurer - Global AuthenticationManager configured with UserDetailsService bean with name inMemoryUserDetailsManager
2025-07-07 17:17:56.140 [main] INFO  o.s.v.b.OptionalValidatorFactoryBean - Failed to set up a Bean Validation provider: jakarta.validation.NoProviderFoundException: Unable to create a Configuration, because no Jakarta Bean Validation provider could be found. Add a provider like Hibernate Validator (RI) to your classpath.
2025-07-07 17:17:56.280 [main] INFO  o.a.coyote.http11.Http11NioProtocol - Starting ProtocolHandler ["http-nio-8080"]
2025-07-07 17:17:56.285 [main] INFO  o.s.b.w.e.tomcat.TomcatWebServer - Tomcat started on port 8080 (http) with context path '/'
2025-07-07 17:17:56.293 [main] INFO  generationz.zlog.ZLogApplication - Started ZLogApplication in 1.211 seconds (process running for 1.543)
2025-07-07 17:18:05.165 [http-nio-8080-exec-1] INFO  o.a.c.c.C.[Tomcat].[localhost].[/] - Initializing Spring DispatcherServlet 'dispatcherServlet'
2025-07-07 17:18:05.166 [http-nio-8080-exec-1] INFO  o.s.web.servlet.DispatcherServlet - Initializing Servlet 'dispatcherServlet'
2025-07-07 17:18:05.167 [http-nio-8080-exec-1] INFO  o.s.web.servlet.DispatcherServlet - Completed initialization in 0 ms
2025-07-07 17:18:23.885 [SpringApplicationShutdownHook] INFO  o.s.b.w.e.tomcat.GracefulShutdown - Commencing graceful shutdown. Waiting for active requests to complete
2025-07-07 17:18:33.276 [main] INFO  generationz.zlog.ZLogApplication - Starting ZLogApplication using Java 17.0.14 with PID 61417 (/Users/skippy/Documents/GitHub/Generation-Z-Log/z-log-web/admin/z-log/target/classes started by skippy in /Users/skippy/Documents/GitHub/Generation-Z-Log/z-log-web/admin/z-log)
2025-07-07 17:18:33.276 [main] DEBUG generationz.zlog.ZLogApplication - Running with Spring Boot v3.5.3, Spring v6.2.8
2025-07-07 17:18:33.277 [main] INFO  generationz.zlog.ZLogApplication - No active profile set, falling back to 1 default profile: "default"
2025-07-07 17:18:33.734 [main] INFO  o.s.b.w.e.tomcat.TomcatWebServer - Tomcat initialized with port 8080 (http)
2025-07-07 17:18:33.739 [main] INFO  o.a.coyote.http11.Http11NioProtocol - Initializing ProtocolHandler ["http-nio-8080"]
2025-07-07 17:18:33.739 [main] INFO  o.a.catalina.core.StandardService - Starting service [Tomcat]
2025-07-07 17:18:33.739 [main] INFO  o.a.catalina.core.StandardEngine - Starting Servlet engine: [Apache Tomcat/10.1.42]
2025-07-07 17:18:33.760 [main] INFO  o.a.c.c.C.[Tomcat].[localhost].[/] - Initializing Spring embedded WebApplicationContext
2025-07-07 17:18:33.761 [main] INFO  o.s.b.w.s.c.ServletWebServerApplicationContext - Root WebApplicationContext: initialization completed in 471 ms
2025-07-07 17:18:34.032 [main] INFO  o.s.s.c.a.a.c.InitializeUserDetailsBeanManagerConfigurer$InitializeUserDetailsManagerConfigurer - Global AuthenticationManager configured with UserDetailsService bean with name inMemoryUserDetailsManager
2025-07-07 17:18:34.063 [main] INFO  o.s.v.b.OptionalValidatorFactoryBean - Failed to set up a Bean Validation provider: jakarta.validation.NoProviderFoundException: Unable to create a Configuration, because no Jakarta Bean Validation provider could be found. Add a provider like Hibernate Validator (RI) to your classpath.
2025-07-07 17:18:34.165 [main] INFO  o.a.coyote.http11.Http11NioProtocol - Starting ProtocolHandler ["http-nio-8080"]
2025-07-07 17:18:34.173 [main] INFO  o.s.b.w.e.tomcat.TomcatWebServer - Tomcat started on port 8080 (http) with context path '/'
2025-07-07 17:18:34.178 [main] INFO  generationz.zlog.ZLogApplication - Started ZLogApplication in 1.176 seconds (process running for 1.497)
2025-07-07 17:18:39.744 [http-nio-8080-exec-2] INFO  o.a.c.c.C.[Tomcat].[localhost].[/] - Initializing Spring DispatcherServlet 'dispatcherServlet'
2025-07-07 17:18:39.744 [http-nio-8080-exec-2] INFO  o.s.web.servlet.DispatcherServlet - Initializing Servlet 'dispatcherServlet'
2025-07-07 17:18:39.745 [http-nio-8080-exec-2] INFO  o.s.web.servlet.DispatcherServlet - Completed initialization in 1 ms
2025-07-07 17:19:05.944 [SpringApplicationShutdownHook] INFO  o.s.b.w.e.tomcat.GracefulShutdown - Commencing graceful shutdown. Waiting for active requests to complete
2025-07-07 17:19:13.977 [main] INFO  generationz.zlog.ZLogApplication - Starting ZLogApplication using Java 17.0.14 with PID 61992 (/Users/skippy/Documents/GitHub/Generation-Z-Log/z-log-web/admin/z-log/target/classes started by skippy in /Users/skippy/Documents/GitHub/Generation-Z-Log/z-log-web/admin/z-log)
2025-07-07 17:19:13.978 [main] DEBUG generationz.zlog.ZLogApplication - Running with Spring Boot v3.5.3, Spring v6.2.8
2025-07-07 17:19:13.979 [main] INFO  generationz.zlog.ZLogApplication - No active profile set, falling back to 1 default profile: "default"
2025-07-07 17:19:14.492 [main] INFO  o.s.b.w.e.tomcat.TomcatWebServer - Tomcat initialized with port 8080 (http)
2025-07-07 17:19:14.497 [main] INFO  o.a.coyote.http11.Http11NioProtocol - Initializing ProtocolHandler ["http-nio-8080"]
2025-07-07 17:19:14.498 [main] INFO  o.a.catalina.core.StandardService - Starting service [Tomcat]
2025-07-07 17:19:14.498 [main] INFO  o.a.catalina.core.StandardEngine - Starting Servlet engine: [Apache Tomcat/10.1.42]
2025-07-07 17:19:14.517 [main] INFO  o.a.c.c.C.[Tomcat].[localhost].[/] - Initializing Spring embedded WebApplicationContext
2025-07-07 17:19:14.518 [main] INFO  o.s.b.w.s.c.ServletWebServerApplicationContext - Root WebApplicationContext: initialization completed in 524 ms
2025-07-07 17:19:14.779 [main] INFO  o.s.s.c.a.a.c.InitializeUserDetailsBeanManagerConfigurer$InitializeUserDetailsManagerConfigurer - Global AuthenticationManager configured with UserDetailsService bean with name inMemoryUserDetailsManager
2025-07-07 17:19:14.811 [main] INFO  o.s.v.b.OptionalValidatorFactoryBean - Failed to set up a Bean Validation provider: jakarta.validation.NoProviderFoundException: Unable to create a Configuration, because no Jakarta Bean Validation provider could be found. Add a provider like Hibernate Validator (RI) to your classpath.
2025-07-07 17:19:14.925 [main] INFO  o.a.coyote.http11.Http11NioProtocol - Starting ProtocolHandler ["http-nio-8080"]
2025-07-07 17:19:14.929 [main] INFO  o.s.b.w.e.tomcat.TomcatWebServer - Tomcat started on port 8080 (http) with context path '/'
2025-07-07 17:19:14.933 [main] INFO  generationz.zlog.ZLogApplication - Started ZLogApplication in 1.3 seconds (process running for 1.63)
2025-07-07 17:19:22.614 [http-nio-8080-exec-2] INFO  o.a.c.c.C.[Tomcat].[localhost].[/] - Initializing Spring DispatcherServlet 'dispatcherServlet'
2025-07-07 17:19:22.614 [http-nio-8080-exec-2] INFO  o.s.web.servlet.DispatcherServlet - Initializing Servlet 'dispatcherServlet'
2025-07-07 17:19:22.615 [http-nio-8080-exec-2] INFO  o.s.web.servlet.DispatcherServlet - Completed initialization in 1 ms
2025-07-07 17:20:09.015 [SpringApplicationShutdownHook] INFO  o.s.b.w.e.tomcat.GracefulShutdown - Commencing graceful shutdown. Waiting for active requests to complete
2025-07-07 17:20:19.404 [main] INFO  generationz.zlog.ZLogApplication - Starting ZLogApplication using Java 17.0.14 with PID 62938 (/Users/skippy/Documents/GitHub/Generation-Z-Log/z-log-web/admin/z-log/target/classes started by skippy in /Users/skippy/Documents/GitHub/Generation-Z-Log/z-log-web/admin/z-log)
2025-07-07 17:20:19.405 [main] DEBUG generationz.zlog.ZLogApplication - Running with Spring Boot v3.5.3, Spring v6.2.8
2025-07-07 17:20:19.405 [main] INFO  generationz.zlog.ZLogApplication - No active profile set, falling back to 1 default profile: "default"
2025-07-07 17:20:19.954 [main] INFO  o.s.b.w.e.tomcat.TomcatWebServer - Tomcat initialized with port 8080 (http)
2025-07-07 17:20:19.960 [main] INFO  o.a.coyote.http11.Http11NioProtocol - Initializing ProtocolHandler ["http-nio-8080"]
2025-07-07 17:20:19.960 [main] INFO  o.a.catalina.core.StandardService - Starting service [Tomcat]
2025-07-07 17:20:19.961 [main] INFO  o.a.catalina.core.StandardEngine - Starting Servlet engine: [Apache Tomcat/10.1.42]
2025-07-07 17:20:19.984 [main] INFO  o.a.c.c.C.[Tomcat].[localhost].[/] - Initializing Spring embedded WebApplicationContext
2025-07-07 17:20:19.984 [main] INFO  o.s.b.w.s.c.ServletWebServerApplicationContext - Root WebApplicationContext: initialization completed in 564 ms
2025-07-07 17:20:20.256 [main] INFO  o.s.s.c.a.a.c.InitializeUserDetailsBeanManagerConfigurer$InitializeUserDetailsManagerConfigurer - Global AuthenticationManager configured with UserDetailsService bean with name inMemoryUserDetailsManager
2025-07-07 17:20:20.290 [main] INFO  o.s.v.b.OptionalValidatorFactoryBean - Failed to set up a Bean Validation provider: jakarta.validation.NoProviderFoundException: Unable to create a Configuration, because no Jakarta Bean Validation provider could be found. Add a provider like Hibernate Validator (RI) to your classpath.
2025-07-07 17:20:20.387 [main] INFO  o.a.coyote.http11.Http11NioProtocol - Starting ProtocolHandler ["http-nio-8080"]
2025-07-07 17:20:20.391 [main] INFO  o.s.b.w.e.tomcat.TomcatWebServer - Tomcat started on port 8080 (http) with context path '/'
2025-07-07 17:20:20.395 [main] INFO  generationz.zlog.ZLogApplication - Started ZLogApplication in 1.342 seconds (process running for 1.719)
2025-07-07 17:20:25.308 [http-nio-8080-exec-1] INFO  o.a.c.c.C.[Tomcat].[localhost].[/] - Initializing Spring DispatcherServlet 'dispatcherServlet'
2025-07-07 17:20:25.308 [http-nio-8080-exec-1] INFO  o.s.web.servlet.DispatcherServlet - Initializing Servlet 'dispatcherServlet'
2025-07-07 17:20:25.309 [http-nio-8080-exec-1] INFO  o.s.web.servlet.DispatcherServlet - Completed initialization in 1 ms
2025-07-07 17:23:06.357 [SpringApplicationShutdownHook] INFO  o.s.b.w.e.tomcat.GracefulShutdown - Commencing graceful shutdown. Waiting for active requests to complete
2025-07-07 17:23:06.375 [tomcat-shutdown] INFO  o.s.b.w.e.tomcat.GracefulShutdown - Graceful shutdown complete
2025-07-07 17:23:08.338 [main] INFO  generationz.zlog.ZLogApplication - Starting ZLogApplication using Java 17.0.14 with PID 65309 (/Users/skippy/Documents/GitHub/Generation-Z-Log/z-log-web/admin/z-log/target/classes started by skippy in /Users/skippy/Documents/GitHub/Generation-Z-Log/z-log-web/admin/z-log)
2025-07-07 17:23:08.339 [main] DEBUG generationz.zlog.ZLogApplication - Running with Spring Boot v3.5.3, Spring v6.2.8
2025-07-07 17:23:08.339 [main] INFO  generationz.zlog.ZLogApplication - No active profile set, falling back to 1 default profile: "default"
2025-07-07 17:23:09.115 [main] INFO  o.s.b.w.e.tomcat.TomcatWebServer - Tomcat initialized with port 8080 (http)
2025-07-07 17:23:09.120 [main] INFO  o.a.coyote.http11.Http11NioProtocol - Initializing ProtocolHandler ["http-nio-8080"]
2025-07-07 17:23:09.121 [main] INFO  o.a.catalina.core.StandardService - Starting service [Tomcat]
2025-07-07 17:23:09.121 [main] INFO  o.a.catalina.core.StandardEngine - Starting Servlet engine: [Apache Tomcat/10.1.42]
2025-07-07 17:23:09.141 [main] INFO  o.a.c.c.C.[Tomcat].[localhost].[/] - Initializing Spring embedded WebApplicationContext
2025-07-07 17:23:09.141 [main] INFO  o.s.b.w.s.c.ServletWebServerApplicationContext - Root WebApplicationContext: initialization completed in 771 ms
2025-07-07 17:23:09.747 [main] INFO  o.s.s.c.a.a.c.InitializeUserDetailsBeanManagerConfigurer$InitializeUserDetailsManagerConfigurer - Global AuthenticationManager configured with UserDetailsService bean with name inMemoryUserDetailsManager
2025-07-07 17:23:09.799 [main] INFO  o.s.v.b.OptionalValidatorFactoryBean - Failed to set up a Bean Validation provider: jakarta.validation.NoProviderFoundException: Unable to create a Configuration, because no Jakarta Bean Validation provider could be found. Add a provider like Hibernate Validator (RI) to your classpath.
2025-07-07 17:23:09.943 [main] INFO  o.a.coyote.http11.Http11NioProtocol - Starting ProtocolHandler ["http-nio-8080"]
2025-07-07 17:23:09.948 [main] INFO  o.s.b.w.e.tomcat.TomcatWebServer - Tomcat started on port 8080 (http) with context path '/'
2025-07-07 17:23:09.954 [main] INFO  generationz.zlog.ZLogApplication - Started ZLogApplication in 1.971 seconds (process running for 2.405)
2025-07-07 17:23:15.598 [http-nio-8080-exec-2] INFO  o.a.c.c.C.[Tomcat].[localhost].[/] - Initializing Spring DispatcherServlet 'dispatcherServlet'
2025-07-07 17:23:15.601 [http-nio-8080-exec-2] INFO  o.s.web.servlet.DispatcherServlet - Initializing Servlet 'dispatcherServlet'
2025-07-07 17:23:15.603 [http-nio-8080-exec-2] INFO  o.s.web.servlet.DispatcherServlet - Completed initialization in 2 ms
2025-07-07 17:24:31.824 [SpringApplicationShutdownHook] INFO  o.s.b.w.e.tomcat.GracefulShutdown - Commencing graceful shutdown. Waiting for active requests to complete
2025-07-07 17:24:37.756 [main] INFO  generationz.zlog.ZLogApplication - Starting ZLogApplication using Java 17.0.14 with PID 66559 (/Users/skippy/Documents/GitHub/Generation-Z-Log/z-log-web/admin/z-log/target/classes started by skippy in /Users/skippy/Documents/GitHub/Generation-Z-Log/z-log-web/admin/z-log)
2025-07-07 17:24:37.757 [main] DEBUG generationz.zlog.ZLogApplication - Running with Spring Boot v3.5.3, Spring v6.2.8
2025-07-07 17:24:37.757 [main] INFO  generationz.zlog.ZLogApplication - No active profile set, falling back to 1 default profile: "default"
2025-07-07 17:24:38.231 [main] INFO  o.s.b.w.e.tomcat.TomcatWebServer - Tomcat initialized with port 8080 (http)
2025-07-07 17:24:38.237 [main] INFO  o.a.coyote.http11.Http11NioProtocol - Initializing ProtocolHandler ["http-nio-8080"]
2025-07-07 17:24:38.238 [main] INFO  o.a.catalina.core.StandardService - Starting service [Tomcat]
2025-07-07 17:24:38.238 [main] INFO  o.a.catalina.core.StandardEngine - Starting Servlet engine: [Apache Tomcat/10.1.42]
2025-07-07 17:24:38.262 [main] INFO  o.a.c.c.C.[Tomcat].[localhost].[/] - Initializing Spring embedded WebApplicationContext
2025-07-07 17:24:38.262 [main] INFO  o.s.b.w.s.c.ServletWebServerApplicationContext - Root WebApplicationContext: initialization completed in 492 ms
2025-07-07 17:24:38.526 [main] INFO  o.s.s.c.a.a.c.InitializeUserDetailsBeanManagerConfigurer$InitializeUserDetailsManagerConfigurer - Global AuthenticationManager configured with UserDetailsService bean with name inMemoryUserDetailsManager
2025-07-07 17:24:38.556 [main] INFO  o.s.v.b.OptionalValidatorFactoryBean - Failed to set up a Bean Validation provider: jakarta.validation.NoProviderFoundException: Unable to create a Configuration, because no Jakarta Bean Validation provider could be found. Add a provider like Hibernate Validator (RI) to your classpath.
2025-07-07 17:24:38.649 [main] INFO  o.a.coyote.http11.Http11NioProtocol - Starting ProtocolHandler ["http-nio-8080"]
2025-07-07 17:24:38.653 [main] INFO  o.s.b.w.e.tomcat.TomcatWebServer - Tomcat started on port 8080 (http) with context path '/'
2025-07-07 17:24:38.658 [main] INFO  generationz.zlog.ZLogApplication - Started ZLogApplication in 1.24 seconds (process running for 1.552)
2025-07-07 17:24:43.429 [http-nio-8080-exec-1] INFO  o.a.c.c.C.[Tomcat].[localhost].[/] - Initializing Spring DispatcherServlet 'dispatcherServlet'
2025-07-07 17:24:43.429 [http-nio-8080-exec-1] INFO  o.s.web.servlet.DispatcherServlet - Initializing Servlet 'dispatcherServlet'
2025-07-07 17:24:43.430 [http-nio-8080-exec-1] INFO  o.s.web.servlet.DispatcherServlet - Completed initialization in 1 ms
2025-07-07 17:24:58.487 [SpringApplicationShutdownHook] INFO  o.s.b.w.e.tomcat.GracefulShutdown - Commencing graceful shutdown. Waiting for active requests to complete
